+ umask 022
+ cd /home/keyow/workspace/projects/lab06/solver_application/build/_CPack_Packages/Linux/RPM/BUILD
+ mv /home/keyow/workspace/projects/lab06/solver_application/build/_CPack_Packages/Linux/RPM/equation-0.1.1-Linux /home/keyow/workspace/projects/lab06/solver_application/build/_CPack_Packages/Linux/RPM/tmpBBroot
+ RPM_EC=0
+ jobs -p
+ exit 0
+ umask 022
+ cd /home/keyow/workspace/projects/lab06/solver_application/build/_CPack_Packages/Linux/RPM/BUILD
+ /bin/rm -rf /home/keyow/workspace/projects/lab06/solver_application/build/_CPack_Packages/Linux/RPM/equation-0.1.1-Linux
+ /bin/mkdir -p /home/keyow/workspace/projects/lab06/solver_application/build/_CPack_Packages/Linux/RPM
+ /bin/mkdir /home/keyow/workspace/projects/lab06/solver_application/build/_CPack_Packages/Linux/RPM/equation-0.1.1-Linux
+ [ -e /home/keyow/workspace/projects/lab06/solver_application/build/_CPack_Packages/Linux/RPM/equation-0.1.1-Linux ]
+ rm -rf /home/keyow/workspace/projects/lab06/solver_application/build/_CPack_Packages/Linux/RPM/equation-0.1.1-Linux
+ mv /home/keyow/workspace/projects/lab06/solver_application/build/_CPack_Packages/Linux/RPM/tmpBBroot /home/keyow/workspace/projects/lab06/solver_application/build/_CPack_Packages/Linux/RPM/equation-0.1.1-Linux
+ /usr/lib/rpm/brp-compress /usr
+ /usr/lib/rpm/brp-strip /usr/bin/strip
+ /usr/lib/rpm/brp-strip-static-archive /usr/bin/strip
+ /usr/lib/rpm/brp-strip-comment-note /usr/bin/strip /usr/bin/objdump
+ umask 022
+ cd /home/keyow/workspace/projects/lab06/solver_application/build/_CPack_Packages/Linux/RPM/BUILD
+ RPM_EC=0
+ jobs -p
+ exit 0
